2012/11/03 20:19:58 [error] [exception.CHttpException.404] exception 'CHttpException' with message 'Unable to resolve the request "images/common/base.png".' in /Users/cgeek/Sites/chabiao/framework/web/CWebApplication.php:280
Stack trace:
#0 /Users/cgeek/Sites/chabiao/framework/web/CWebApplication.php(135): CWebApplication->runController('images/common/b...')
#1 /Users/cgeek/Sites/chabiao/framework/base/CApplication.php(162): CWebApplication->processRequest()
#2 /Users/cgeek/Sites/chabiao/WebRoot/index.php(16): CApplication->run()
#3 {main}
REQUEST_URI=/images/common/base.png
HTTP_REFERER=http://www.chabiao.com/
---
2012/11/03 20:20:00 [error] [exception.CHttpException.404] exception 'CHttpException' with message 'Unable to resolve the request "admin/assets/ico/favicon.ico".' in /Users/cgeek/Sites/chabiao/framework/web/CWebApplication.php:280
Stack trace:
#0 /Users/cgeek/Sites/chabiao/framework/web/CWebApplication.php(135): CWebApplication->runController('admin/assets/ic...')
#1 /Users/cgeek/Sites/chabiao/framework/base/CApplication.php(162): CWebApplication->processRequest()
#2 /Users/cgeek/Sites/chabiao/WebRoot/index.php(16): CApplication->run()
#3 {main}
REQUEST_URI=/admin/assets/ico/favicon.ico
---
2012/11/03 20:20:02 [error] [exception.CHttpException.404] exception 'CHttpException' with message 'Unable to resolve the request "admin/assets/ico/favicon.ico".' in /Users/cgeek/Sites/chabiao/framework/web/CWebApplication.php:280
Stack trace:
#0 /Users/cgeek/Sites/chabiao/framework/web/CWebApplication.php(135): CWebApplication->runController('admin/assets/ic...')
#1 /Users/cgeek/Sites/chabiao/framework/base/CApplication.php(162): CWebApplication->processRequest()
#2 /Users/cgeek/Sites/chabiao/WebRoot/index.php(16): CApplication->run()
#3 {main}
REQUEST_URI=/admin/assets/ico/favicon.ico
---
2012/11/03 20:20:04 [error] [exception.CHttpException.404] exception 'CHttpException' with message 'The system is unable to find the requested action "assets".' in /Users/cgeek/Sites/chabiao/framework/web/CController.php:484
Stack trace:
#0 /Users/cgeek/Sites/chabiao/framework/web/CController.php(271): CController->missingAction('assets')
#1 /Users/cgeek/Sites/chabiao/framework/web/CWebApplication.php(276): CController->run('assets')
#2 /Users/cgeek/Sites/chabiao/framework/web/CWebApplication.php(135): CWebApplication->runController('admin/sites/ass...')
#3 /Users/cgeek/Sites/chabiao/framework/base/CApplication.php(162): CWebApplication->processRequest()
#4 /Users/cgeek/Sites/chabiao/WebRoot/index.php(16): CApplication->run()
#5 {main}
REQUEST_URI=/admin/sites/assets/ico/favicon.ico
---
2012/11/03 20:20:05 [error] [exception.CHttpException.404] exception 'CHttpException' with message 'Unable to resolve the request "admin/assets/ico/favicon.ico".' in /Users/cgeek/Sites/chabiao/framework/web/CWebApplication.php:280
Stack trace:
#0 /Users/cgeek/Sites/chabiao/framework/web/CWebApplication.php(135): CWebApplication->runController('admin/assets/ic...')
#1 /Users/cgeek/Sites/chabiao/framework/base/CApplication.php(162): CWebApplication->processRequest()
#2 /Users/cgeek/Sites/chabiao/WebRoot/index.php(16): CApplication->run()
#3 {main}
REQUEST_URI=/admin/assets/ico/favicon.ico
---
2012/11/03 20:20:18 [error] [exception.CHttpException.404] exception 'CHttpException' with message 'Unable to resolve the request "admin/assets/ico/favicon.ico".' in /Users/cgeek/Sites/chabiao/framework/web/CWebApplication.php:280
Stack trace:
#0 /Users/cgeek/Sites/chabiao/framework/web/CWebApplication.php(135): CWebApplication->runController('admin/assets/ic...')
#1 /Users/cgeek/Sites/chabiao/framework/base/CApplication.php(162): CWebApplication->processRequest()
#2 /Users/cgeek/Sites/chabiao/WebRoot/index.php(16): CApplication->run()
#3 {main}
REQUEST_URI=/admin/assets/ico/favicon.ico
---
2012/11/03 20:20:25 [error] [exception.CHttpException.404] exception 'CHttpException' with message 'The system is unable to find the requested action "assets".' in /Users/cgeek/Sites/chabiao/framework/web/CController.php:484
Stack trace:
#0 /Users/cgeek/Sites/chabiao/framework/web/CController.php(271): CController->missingAction('assets')
#1 /Users/cgeek/Sites/chabiao/framework/web/CWebApplication.php(276): CController->run('assets')
#2 /Users/cgeek/Sites/chabiao/framework/web/CWebApplication.php(135): CWebApplication->runController('admin/sites/ass...')
#3 /Users/cgeek/Sites/chabiao/framework/base/CApplication.php(162): CWebApplication->processRequest()
#4 /Users/cgeek/Sites/chabiao/WebRoot/index.php(16): CApplication->run()
#5 {main}
REQUEST_URI=/admin/sites/assets/ico/favicon.ico
---
2012/11/03 20:20:29 [error] [exception.CHttpException.404] exception 'CHttpException' with message 'Unable to resolve the request "admin/assets/ico/favicon.ico".' in /Users/cgeek/Sites/chabiao/framework/web/CWebApplication.php:280
Stack trace:
#0 /Users/cgeek/Sites/chabiao/framework/web/CWebApplication.php(135): CWebApplication->runController('admin/assets/ic...')
#1 /Users/cgeek/Sites/chabiao/framework/base/CApplication.php(162): CWebApplication->processRequest()
#2 /Users/cgeek/Sites/chabiao/WebRoot/index.php(16): CApplication->run()
#3 {main}
REQUEST_URI=/admin/assets/ico/favicon.ico
---
2012/11/03 20:20:31 [error] [exception.CHttpException.404] exception 'CHttpException' with message 'The system is unable to find the requested action "assets".' in /Users/cgeek/Sites/chabiao/framework/web/CController.php:484
Stack trace:
#0 /Users/cgeek/Sites/chabiao/framework/web/CController.php(271): CController->missingAction('assets')
#1 /Users/cgeek/Sites/chabiao/framework/web/CWebApplication.php(276): CController->run('assets')
#2 /Users/cgeek/Sites/chabiao/framework/web/CWebApplication.php(135): CWebApplication->runController('admin/sites/ass...')
#3 /Users/cgeek/Sites/chabiao/framework/base/CApplication.php(162): CWebApplication->processRequest()
#4 /Users/cgeek/Sites/chabiao/WebRoot/index.php(16): CApplication->run()
#5 {main}
REQUEST_URI=/admin/sites/assets/ico/favicon.ico
---
2012/11/03 20:20:38 [error] [exception.CHttpException.404] exception 'CHttpException' with message 'Unable to resolve the request "admin/assets/ico/favicon.ico".' in /Users/cgeek/Sites/chabiao/framework/web/CWebApplication.php:280
Stack trace:
#0 /Users/cgeek/Sites/chabiao/framework/web/CWebApplication.php(135): CWebApplication->runController('admin/assets/ic...')
#1 /Users/cgeek/Sites/chabiao/framework/base/CApplication.php(162): CWebApplication->processRequest()
#2 /Users/cgeek/Sites/chabiao/WebRoot/index.php(16): CApplication->run()
#3 {main}
REQUEST_URI=/admin/assets/ico/favicon.ico
---
2012/11/03 20:21:08 [error] [exception.CHttpException.404] exception 'CHttpException' with message 'Unable to resolve the request "admin/assets/ico/favicon.ico".' in /Users/cgeek/Sites/chabiao/framework/web/CWebApplication.php:280
Stack trace:
#0 /Users/cgeek/Sites/chabiao/framework/web/CWebApplication.php(135): CWebApplication->runController('admin/assets/ic...')
#1 /Users/cgeek/Sites/chabiao/framework/base/CApplication.php(162): CWebApplication->processRequest()
#2 /Users/cgeek/Sites/chabiao/WebRoot/index.php(16): CApplication->run()
#3 {main}
REQUEST_URI=/admin/assets/ico/favicon.ico
---
2012/11/03 20:21:30 [error] [exception.CHttpException.404] exception 'CHttpException' with message 'Unable to resolve the request "admin/assets/ico/favicon.ico".' in /Users/cgeek/Sites/chabiao/framework/web/CWebApplication.php:280
Stack trace:
#0 /Users/cgeek/Sites/chabiao/framework/web/CWebApplication.php(135): CWebApplication->runController('admin/assets/ic...')
#1 /Users/cgeek/Sites/chabiao/framework/base/CApplication.php(162): CWebApplication->processRequest()
#2 /Users/cgeek/Sites/chabiao/WebRoot/index.php(16): CApplication->run()
#3 {main}
REQUEST_URI=/admin/assets/ico/favicon.ico
---
2012/11/03 20:21:55 [error] [exception.CHttpException.404] exception 'CHttpException' with message 'Unable to resolve the request "admin/assets/ico/favicon.ico".' in /Users/cgeek/Sites/chabiao/framework/web/CWebApplication.php:280
Stack trace:
#0 /Users/cgeek/Sites/chabiao/framework/web/CWebApplication.php(135): CWebApplication->runController('admin/assets/ic...')
#1 /Users/cgeek/Sites/chabiao/framework/base/CApplication.php(162): CWebApplication->processRequest()
#2 /Users/cgeek/Sites/chabiao/WebRoot/index.php(16): CApplication->run()
#3 {main}
REQUEST_URI=/admin/assets/ico/favicon.ico
---
2012/11/03 20:21:58 [error] [exception.CHttpException.404] exception 'CHttpException' with message 'Unable to resolve the request "admin/assets/ico/favicon.ico".' in /Users/cgeek/Sites/chabiao/framework/web/CWebApplication.php:280
Stack trace:
#0 /Users/cgeek/Sites/chabiao/framework/web/CWebApplication.php(135): CWebApplication->runController('admin/assets/ic...')
#1 /Users/cgeek/Sites/chabiao/framework/base/CApplication.php(162): CWebApplication->processRequest()
#2 /Users/cgeek/Sites/chabiao/WebRoot/index.php(16): CApplication->run()
#3 {main}
REQUEST_URI=/admin/assets/ico/favicon.ico
---
2012/11/03 20:22:34 [error] [exception.CHttpException.404] exception 'CHttpException' with message 'Unable to resolve the request "admin/assets/ico/favicon.ico".' in /Users/cgeek/Sites/chabiao/framework/web/CWebApplication.php:280
Stack trace:
#0 /Users/cgeek/Sites/chabiao/framework/web/CWebApplication.php(135): CWebApplication->runController('admin/assets/ic...')
#1 /Users/cgeek/Sites/chabiao/framework/base/CApplication.php(162): CWebApplication->processRequest()
#2 /Users/cgeek/Sites/chabiao/WebRoot/index.php(16): CApplication->run()
#3 {main}
REQUEST_URI=/admin/assets/ico/favicon.ico
---
2012/11/03 20:22:39 [error] [exception.CHttpException.404] exception 'CHttpException' with message 'Unable to resolve the request "admin/assets/ico/favicon.ico".' in /Users/cgeek/Sites/chabiao/framework/web/CWebApplication.php:280
Stack trace:
#0 /Users/cgeek/Sites/chabiao/framework/web/CWebApplication.php(135): CWebApplication->runController('admin/assets/ic...')
#1 /Users/cgeek/Sites/chabiao/framework/base/CApplication.php(162): CWebApplication->processRequest()
#2 /Users/cgeek/Sites/chabiao/WebRoot/index.php(16): CApplication->run()
#3 {main}
REQUEST_URI=/admin/assets/ico/favicon.ico
---
2012/11/03 20:23:33 [error] [exception.CHttpException.404] exception 'CHttpException' with message 'Unable to resolve the request "admin/assets/ico/favicon.ico".' in /Users/cgeek/Sites/chabiao/framework/web/CWebApplication.php:280
Stack trace:
#0 /Users/cgeek/Sites/chabiao/framework/web/CWebApplication.php(135): CWebApplication->runController('admin/assets/ic...')
#1 /Users/cgeek/Sites/chabiao/framework/base/CApplication.php(162): CWebApplication->processRequest()
#2 /Users/cgeek/Sites/chabiao/WebRoot/index.php(16): CApplication->run()
#3 {main}
REQUEST_URI=/admin/assets/ico/favicon.ico
---
2012/11/03 20:23:38 [error] [exception.CHttpException.404] exception 'CHttpException' with message 'Unable to resolve the request "admin/assets/ico/favicon.ico".' in /Users/cgeek/Sites/chabiao/framework/web/CWebApplication.php:280
Stack trace:
#0 /Users/cgeek/Sites/chabiao/framework/web/CWebApplication.php(135): CWebApplication->runController('admin/assets/ic...')
#1 /Users/cgeek/Sites/chabiao/framework/base/CApplication.php(162): CWebApplication->processRequest()
#2 /Users/cgeek/Sites/chabiao/WebRoot/index.php(16): CApplication->run()
#3 {main}
REQUEST_URI=/admin/assets/ico/favicon.ico
---
2012/11/03 20:23:44 [error] [exception.CHttpException.404] exception 'CHttpException' with message 'The system is unable to find the requested action "assets".' in /Users/cgeek/Sites/chabiao/framework/web/CController.php:484
Stack trace:
#0 /Users/cgeek/Sites/chabiao/framework/web/CController.php(271): CController->missingAction('assets')
#1 /Users/cgeek/Sites/chabiao/framework/web/CWebApplication.php(276): CController->run('assets')
#2 /Users/cgeek/Sites/chabiao/framework/web/CWebApplication.php(135): CWebApplication->runController('admin/sites/ass...')
#3 /Users/cgeek/Sites/chabiao/framework/base/CApplication.php(162): CWebApplication->processRequest()
#4 /Users/cgeek/Sites/chabiao/WebRoot/index.php(16): CApplication->run()
#5 {main}
REQUEST_URI=/admin/sites/assets/ico/favicon.ico
---
2012/11/03 20:23:46 [error] [exception.CHttpException.404] exception 'CHttpException' with message 'Unable to resolve the request "admin/assets/ico/favicon.ico".' in /Users/cgeek/Sites/chabiao/framework/web/CWebApplication.php:280
Stack trace:
#0 /Users/cgeek/Sites/chabiao/framework/web/CWebApplication.php(135): CWebApplication->runController('admin/assets/ic...')
#1 /Users/cgeek/Sites/chabiao/framework/base/CApplication.php(162): CWebApplication->processRequest()
#2 /Users/cgeek/Sites/chabiao/WebRoot/index.php(16): CApplication->run()
#3 {main}
REQUEST_URI=/admin/assets/ico/favicon.ico
---
2012/11/03 20:23:46 [error] [exception.CHttpException.404] exception 'CHttpException' with message 'The system is unable to find the requested action "assets".' in /Users/cgeek/Sites/chabiao/framework/web/CController.php:484
Stack trace:
#0 /Users/cgeek/Sites/chabiao/framework/web/CController.php(271): CController->missingAction('assets')
#1 /Users/cgeek/Sites/chabiao/framework/web/CWebApplication.php(276): CController->run('assets')
#2 /Users/cgeek/Sites/chabiao/framework/web/CWebApplication.php(135): CWebApplication->runController('admin/sites/ass...')
#3 /Users/cgeek/Sites/chabiao/framework/base/CApplication.php(162): CWebApplication->processRequest()
#4 /Users/cgeek/Sites/chabiao/WebRoot/index.php(16): CApplication->run()
#5 {main}
REQUEST_URI=/admin/sites/assets/ico/favicon.ico
---
2012/11/03 20:23:56 [error] [exception.CHttpException.404] exception 'CHttpException' with message 'Unable to resolve the request "admin/assets/ico/favicon.ico".' in /Users/cgeek/Sites/chabiao/framework/web/CWebApplication.php:280
Stack trace:
#0 /Users/cgeek/Sites/chabiao/framework/web/CWebApplication.php(135): CWebApplication->runController('admin/assets/ic...')
#1 /Users/cgeek/Sites/chabiao/framework/base/CApplication.php(162): CWebApplication->processRequest()
#2 /Users/cgeek/Sites/chabiao/WebRoot/index.php(16): CApplication->run()
#3 {main}
REQUEST_URI=/admin/assets/ico/favicon.ico
---
2012/11/03 20:23:58 [error] [exception.CHttpException.404] exception 'CHttpException' with message 'The system is unable to find the requested action "assets".' in /Users/cgeek/Sites/chabiao/framework/web/CController.php:484
Stack trace:
#0 /Users/cgeek/Sites/chabiao/framework/web/CController.php(271): CController->missingAction('assets')
#1 /Users/cgeek/Sites/chabiao/framework/web/CWebApplication.php(276): CController->run('assets')
#2 /Users/cgeek/Sites/chabiao/framework/web/CWebApplication.php(135): CWebApplication->runController('admin/sites/ass...')
#3 /Users/cgeek/Sites/chabiao/framework/base/CApplication.php(162): CWebApplication->processRequest()
#4 /Users/cgeek/Sites/chabiao/WebRoot/index.php(16): CApplication->run()
#5 {main}
REQUEST_URI=/admin/sites/assets/ico/favicon.ico
---
2012/11/03 20:24:14 [error] [exception.CHttpException.404] exception 'CHttpException' with message 'Unable to resolve the request "img/glyphicons-halflings.png".' in /Users/cgeek/Sites/chabiao/framework/web/CWebApplication.php:280
Stack trace:
#0 /Users/cgeek/Sites/chabiao/framework/web/CWebApplication.php(135): CWebApplication->runController('img/glyphicons-...')
#1 /Users/cgeek/Sites/chabiao/framework/base/CApplication.php(162): CWebApplication->processRequest()
#2 /Users/cgeek/Sites/chabiao/WebRoot/index.php(16): CApplication->run()
#3 {main}
REQUEST_URI=/img/glyphicons-halflings.png
HTTP_REFERER=http://www.chabiao.com/admin/sites/edit?id=1
---
2012/11/03 20:24:39 [error] [exception.CHttpException.404] exception 'CHttpException' with message 'Unable to resolve the request "admin/assets/ico/favicon.ico".' in /Users/cgeek/Sites/chabiao/framework/web/CWebApplication.php:280
Stack trace:
#0 /Users/cgeek/Sites/chabiao/framework/web/CWebApplication.php(135): CWebApplication->runController('admin/assets/ic...')
#1 /Users/cgeek/Sites/chabiao/framework/base/CApplication.php(162): CWebApplication->processRequest()
#2 /Users/cgeek/Sites/chabiao/WebRoot/index.php(16): CApplication->run()
#3 {main}
REQUEST_URI=/admin/assets/ico/favicon.ico
---
2012/11/03 20:24:56 [error] [exception.CHttpException.404] exception 'CHttpException' with message 'Unable to resolve the request "admin/assets/ico/favicon.ico".' in /Users/cgeek/Sites/chabiao/framework/web/CWebApplication.php:280
Stack trace:
#0 /Users/cgeek/Sites/chabiao/framework/web/CWebApplication.php(135): CWebApplication->runController('admin/assets/ic...')
#1 /Users/cgeek/Sites/chabiao/framework/base/CApplication.php(162): CWebApplication->processRequest()
#2 /Users/cgeek/Sites/chabiao/WebRoot/index.php(16): CApplication->run()
#3 {main}
REQUEST_URI=/admin/assets/ico/favicon.ico
---
2012/11/03 20:25:03 [error] [exception.CHttpException.404] exception 'CHttpException' with message 'Unable to resolve the request "admin/assets/ico/favicon.ico".' in /Users/cgeek/Sites/chabiao/framework/web/CWebApplication.php:280
Stack trace:
#0 /Users/cgeek/Sites/chabiao/framework/web/CWebApplication.php(135): CWebApplication->runController('admin/assets/ic...')
#1 /Users/cgeek/Sites/chabiao/framework/base/CApplication.php(162): CWebApplication->processRequest()
#2 /Users/cgeek/Sites/chabiao/WebRoot/index.php(16): CApplication->run()
#3 {main}
REQUEST_URI=/admin/assets/ico/favicon.ico
---
2012/11/03 20:25:03 [error] [exception.CHttpException.404] exception 'CHttpException' with message 'Unable to resolve the request "admin/assets/ico/favicon.ico".' in /Users/cgeek/Sites/chabiao/framework/web/CWebApplication.php:280
Stack trace:
#0 /Users/cgeek/Sites/chabiao/framework/web/CWebApplication.php(135): CWebApplication->runController('admin/assets/ic...')
#1 /Users/cgeek/Sites/chabiao/framework/base/CApplication.php(162): CWebApplication->processRequest()
#2 /Users/cgeek/Sites/chabiao/WebRoot/index.php(16): CApplication->run()
#3 {main}
REQUEST_URI=/admin/assets/ico/favicon.ico
---
2012/11/03 20:25:04 [error] [exception.CHttpException.404] exception 'CHttpException' with message 'Unable to resolve the request "admin/assets/ico/favicon.ico".' in /Users/cgeek/Sites/chabiao/framework/web/CWebApplication.php:280
Stack trace:
#0 /Users/cgeek/Sites/chabiao/framework/web/CWebApplication.php(135): CWebApplication->runController('admin/assets/ic...')
#1 /Users/cgeek/Sites/chabiao/framework/base/CApplication.php(162): CWebApplication->processRequest()
#2 /Users/cgeek/Sites/chabiao/WebRoot/index.php(16): CApplication->run()
#3 {main}
REQUEST_URI=/admin/assets/ico/favicon.ico
---
2012/11/03 20:25:06 [error] [exception.CHttpException.404] exception 'CHttpException' with message 'Unable to resolve the request "admin/assets/ico/favicon.ico".' in /Users/cgeek/Sites/chabiao/framework/web/CWebApplication.php:280
Stack trace:
#0 /Users/cgeek/Sites/chabiao/framework/web/CWebApplication.php(135): CWebApplication->runController('admin/assets/ic...')
#1 /Users/cgeek/Sites/chabiao/framework/base/CApplication.php(162): CWebApplication->processRequest()
#2 /Users/cgeek/Sites/chabiao/WebRoot/index.php(16): CApplication->run()
#3 {main}
REQUEST_URI=/admin/assets/ico/favicon.ico
---
2012/11/03 20:25:07 [error] [exception.CHttpException.404] exception 'CHttpException' with message 'Unable to resolve the request "admin/assets/ico/favicon.ico".' in /Users/cgeek/Sites/chabiao/framework/web/CWebApplication.php:280
Stack trace:
#0 /Users/cgeek/Sites/chabiao/framework/web/CWebApplication.php(135): CWebApplication->runController('admin/assets/ic...')
#1 /Users/cgeek/Sites/chabiao/framework/base/CApplication.php(162): CWebApplication->processRequest()
#2 /Users/cgeek/Sites/chabiao/WebRoot/index.php(16): CApplication->run()
#3 {main}
REQUEST_URI=/admin/assets/ico/favicon.ico
---
2012/11/03 20:25:08 [error] [exception.CHttpException.404] exception 'CHttpException' with message 'Unable to resolve the request "admin/assets/ico/favicon.ico".' in /Users/cgeek/Sites/chabiao/framework/web/CWebApplication.php:280
Stack trace:
#0 /Users/cgeek/Sites/chabiao/framework/web/CWebApplication.php(135): CWebApplication->runController('admin/assets/ic...')
#1 /Users/cgeek/Sites/chabiao/framework/base/CApplication.php(162): CWebApplication->processRequest()
#2 /Users/cgeek/Sites/chabiao/WebRoot/index.php(16): CApplication->run()
#3 {main}
REQUEST_URI=/admin/assets/ico/favicon.ico
---
2012/11/03 20:25:09 [error] [exception.CHttpException.404] exception 'CHttpException' with message 'Unable to resolve the request "admin/assets/ico/favicon.ico".' in /Users/cgeek/Sites/chabiao/framework/web/CWebApplication.php:280
Stack trace:
#0 /Users/cgeek/Sites/chabiao/framework/web/CWebApplication.php(135): CWebApplication->runController('admin/assets/ic...')
#1 /Users/cgeek/Sites/chabiao/framework/base/CApplication.php(162): CWebApplication->processRequest()
#2 /Users/cgeek/Sites/chabiao/WebRoot/index.php(16): CApplication->run()
#3 {main}
REQUEST_URI=/admin/assets/ico/favicon.ico
---
2012/11/03 20:25:10 [error] [exception.CHttpException.404] exception 'CHttpException' with message 'Unable to resolve the request "admin/assets/ico/favicon.ico".' in /Users/cgeek/Sites/chabiao/framework/web/CWebApplication.php:280
Stack trace:
#0 /Users/cgeek/Sites/chabiao/framework/web/CWebApplication.php(135): CWebApplication->runController('admin/assets/ic...')
#1 /Users/cgeek/Sites/chabiao/framework/base/CApplication.php(162): CWebApplication->processRequest()
#2 /Users/cgeek/Sites/chabiao/WebRoot/index.php(16): CApplication->run()
#3 {main}
REQUEST_URI=/admin/assets/ico/favicon.ico
---
2012/11/03 20:25:11 [error] [exception.CHttpException.404] exception 'CHttpException' with message 'Unable to resolve the request "admin/assets/ico/favicon.ico".' in /Users/cgeek/Sites/chabiao/framework/web/CWebApplication.php:280
Stack trace:
#0 /Users/cgeek/Sites/chabiao/framework/web/CWebApplication.php(135): CWebApplication->runController('admin/assets/ic...')
#1 /Users/cgeek/Sites/chabiao/framework/base/CApplication.php(162): CWebApplication->processRequest()
#2 /Users/cgeek/Sites/chabiao/WebRoot/index.php(16): CApplication->run()
#3 {main}
REQUEST_URI=/admin/assets/ico/favicon.ico
---
2012/11/03 20:25:12 [error] [exception.CHttpException.404] exception 'CHttpException' with message 'Unable to resolve the request "admin/assets/ico/favicon.ico".' in /Users/cgeek/Sites/chabiao/framework/web/CWebApplication.php:280
Stack trace:
#0 /Users/cgeek/Sites/chabiao/framework/web/CWebApplication.php(135): CWebApplication->runController('admin/assets/ic...')
#1 /Users/cgeek/Sites/chabiao/framework/base/CApplication.php(162): CWebApplication->processRequest()
#2 /Users/cgeek/Sites/chabiao/WebRoot/index.php(16): CApplication->run()
#3 {main}
REQUEST_URI=/admin/assets/ico/favicon.ico
---
2012/11/03 20:25:14 [error] [exception.CHttpException.404] exception 'CHttpException' with message 'Unable to resolve the request "admin/assets/ico/favicon.ico".' in /Users/cgeek/Sites/chabiao/framework/web/CWebApplication.php:280
Stack trace:
#0 /Users/cgeek/Sites/chabiao/framework/web/CWebApplication.php(135): CWebApplication->runController('admin/assets/ic...')
#1 /Users/cgeek/Sites/chabiao/framework/base/CApplication.php(162): CWebApplication->processRequest()
#2 /Users/cgeek/Sites/chabiao/WebRoot/index.php(16): CApplication->run()
#3 {main}
REQUEST_URI=/admin/assets/ico/favicon.ico
---
2012/11/03 20:25:16 [error] [exception.CHttpException.404] exception 'CHttpException' with message 'Unable to resolve the request "admin/assets/ico/favicon.ico".' in /Users/cgeek/Sites/chabiao/framework/web/CWebApplication.php:280
Stack trace:
#0 /Users/cgeek/Sites/chabiao/framework/web/CWebApplication.php(135): CWebApplication->runController('admin/assets/ic...')
#1 /Users/cgeek/Sites/chabiao/framework/base/CApplication.php(162): CWebApplication->processRequest()
#2 /Users/cgeek/Sites/chabiao/WebRoot/index.php(16): CApplication->run()
#3 {main}
REQUEST_URI=/admin/assets/ico/favicon.ico
---
2012/11/03 20:25:23 [error] [exception.CHttpException.404] exception 'CHttpException' with message 'Unable to resolve the request "admin/assets/ico/favicon.ico".' in /Users/cgeek/Sites/chabiao/framework/web/CWebApplication.php:280
Stack trace:
#0 /Users/cgeek/Sites/chabiao/framework/web/CWebApplication.php(135): CWebApplication->runController('admin/assets/ic...')
#1 /Users/cgeek/Sites/chabiao/framework/base/CApplication.php(162): CWebApplication->processRequest()
#2 /Users/cgeek/Sites/chabiao/WebRoot/index.php(16): CApplication->run()
#3 {main}
REQUEST_URI=/admin/assets/ico/favicon.ico
---
2012/11/03 20:25:24 [error] [exception.CHttpException.404] exception 'CHttpException' with message 'Unable to resolve the request "admin/assets/ico/favicon.ico".' in /Users/cgeek/Sites/chabiao/framework/web/CWebApplication.php:280
Stack trace:
#0 /Users/cgeek/Sites/chabiao/framework/web/CWebApplication.php(135): CWebApplication->runController('admin/assets/ic...')
#1 /Users/cgeek/Sites/chabiao/framework/base/CApplication.php(162): CWebApplication->processRequest()
#2 /Users/cgeek/Sites/chabiao/WebRoot/index.php(16): CApplication->run()
#3 {main}
REQUEST_URI=/admin/assets/ico/favicon.ico
---
2012/11/03 20:25:25 [error] [exception.CHttpException.404] exception 'CHttpException' with message 'Unable to resolve the request "admin/assets/ico/favicon.ico".' in /Users/cgeek/Sites/chabiao/framework/web/CWebApplication.php:280
Stack trace:
#0 /Users/cgeek/Sites/chabiao/framework/web/CWebApplication.php(135): CWebApplication->runController('admin/assets/ic...')
#1 /Users/cgeek/Sites/chabiao/framework/base/CApplication.php(162): CWebApplication->processRequest()
#2 /Users/cgeek/Sites/chabiao/WebRoot/index.php(16): CApplication->run()
#3 {main}
REQUEST_URI=/admin/assets/ico/favicon.ico
---
2012/11/03 20:25:25 [error] [exception.CHttpException.404] exception 'CHttpException' with message 'Unable to resolve the request "admin/assets/ico/favicon.ico".' in /Users/cgeek/Sites/chabiao/framework/web/CWebApplication.php:280
Stack trace:
#0 /Users/cgeek/Sites/chabiao/framework/web/CWebApplication.php(135): CWebApplication->runController('admin/assets/ic...')
#1 /Users/cgeek/Sites/chabiao/framework/base/CApplication.php(162): CWebApplication->processRequest()
#2 /Users/cgeek/Sites/chabiao/WebRoot/index.php(16): CApplication->run()
#3 {main}
REQUEST_URI=/admin/assets/ico/favicon.ico
---
2012/11/03 20:25:26 [error] [exception.CHttpException.404] exception 'CHttpException' with message 'Unable to resolve the request "admin/assets/ico/favicon.ico".' in /Users/cgeek/Sites/chabiao/framework/web/CWebApplication.php:280
Stack trace:
#0 /Users/cgeek/Sites/chabiao/framework/web/CWebApplication.php(135): CWebApplication->runController('admin/assets/ic...')
#1 /Users/cgeek/Sites/chabiao/framework/base/CApplication.php(162): CWebApplication->processRequest()
#2 /Users/cgeek/Sites/chabiao/WebRoot/index.php(16): CApplication->run()
#3 {main}
REQUEST_URI=/admin/assets/ico/favicon.ico
---
2012/11/03 20:25:31 [error] [exception.CHttpException.404] exception 'CHttpException' with message 'Unable to resolve the request "admin/assets/ico/favicon.ico".' in /Users/cgeek/Sites/chabiao/framework/web/CWebApplication.php:280
Stack trace:
#0 /Users/cgeek/Sites/chabiao/framework/web/CWebApplication.php(135): CWebApplication->runController('admin/assets/ic...')
#1 /Users/cgeek/Sites/chabiao/framework/base/CApplication.php(162): CWebApplication->processRequest()
#2 /Users/cgeek/Sites/chabiao/WebRoot/index.php(16): CApplication->run()
#3 {main}
REQUEST_URI=/admin/assets/ico/favicon.ico
---
2012/11/03 20:25:31 [error] [exception.CHttpException.404] exception 'CHttpException' with message 'Unable to resolve the request "admin/assets/ico/favicon.ico".' in /Users/cgeek/Sites/chabiao/framework/web/CWebApplication.php:280
Stack trace:
#0 /Users/cgeek/Sites/chabiao/framework/web/CWebApplication.php(135): CWebApplication->runController('admin/assets/ic...')
#1 /Users/cgeek/Sites/chabiao/framework/base/CApplication.php(162): CWebApplication->processRequest()
#2 /Users/cgeek/Sites/chabiao/WebRoot/index.php(16): CApplication->run()
#3 {main}
REQUEST_URI=/admin/assets/ico/favicon.ico
---
2012/11/03 20:25:32 [error] [exception.CHttpException.404] exception 'CHttpException' with message 'Unable to resolve the request "admin/assets/ico/favicon.ico".' in /Users/cgeek/Sites/chabiao/framework/web/CWebApplication.php:280
Stack trace:
#0 /Users/cgeek/Sites/chabiao/framework/web/CWebApplication.php(135): CWebApplication->runController('admin/assets/ic...')
#1 /Users/cgeek/Sites/chabiao/framework/base/CApplication.php(162): CWebApplication->processRequest()
#2 /Users/cgeek/Sites/chabiao/WebRoot/index.php(16): CApplication->run()
#3 {main}
REQUEST_URI=/admin/assets/ico/favicon.ico
---
2012/11/03 20:25:35 [error] [exception.CHttpException.404] exception 'CHttpException' with message 'Unable to resolve the request "admin/assets/ico/favicon.ico".' in /Users/cgeek/Sites/chabiao/framework/web/CWebApplication.php:280
Stack trace:
#0 /Users/cgeek/Sites/chabiao/framework/web/CWebApplication.php(135): CWebApplication->runController('admin/assets/ic...')
#1 /Users/cgeek/Sites/chabiao/framework/base/CApplication.php(162): CWebApplication->processRequest()
#2 /Users/cgeek/Sites/chabiao/WebRoot/index.php(16): CApplication->run()
#3 {main}
REQUEST_URI=/admin/assets/ico/favicon.ico
---
2012/11/03 20:25:36 [error] [exception.CHttpException.404] exception 'CHttpException' with message 'Unable to resolve the request "admin/assets/ico/favicon.ico".' in /Users/cgeek/Sites/chabiao/framework/web/CWebApplication.php:280
Stack trace:
#0 /Users/cgeek/Sites/chabiao/framework/web/CWebApplication.php(135): CWebApplication->runController('admin/assets/ic...')
#1 /Users/cgeek/Sites/chabiao/framework/base/CApplication.php(162): CWebApplication->processRequest()
#2 /Users/cgeek/Sites/chabiao/WebRoot/index.php(16): CApplication->run()
#3 {main}
REQUEST_URI=/admin/assets/ico/favicon.ico
---
2012/11/03 20:25:37 [error] [exception.CHttpException.404] exception 'CHttpException' with message 'Unable to resolve the request "admin/assets/ico/favicon.ico".' in /Users/cgeek/Sites/chabiao/framework/web/CWebApplication.php:280
Stack trace:
#0 /Users/cgeek/Sites/chabiao/framework/web/CWebApplication.php(135): CWebApplication->runController('admin/assets/ic...')
#1 /Users/cgeek/Sites/chabiao/framework/base/CApplication.php(162): CWebApplication->processRequest()
#2 /Users/cgeek/Sites/chabiao/WebRoot/index.php(16): CApplication->run()
#3 {main}
REQUEST_URI=/admin/assets/ico/favicon.ico
---
2012/11/03 20:25:38 [error] [exception.CHttpException.404] exception 'CHttpException' with message 'Unable to resolve the request "admin/assets/ico/favicon.ico".' in /Users/cgeek/Sites/chabiao/framework/web/CWebApplication.php:280
Stack trace:
#0 /Users/cgeek/Sites/chabiao/framework/web/CWebApplication.php(135): CWebApplication->runController('admin/assets/ic...')
#1 /Users/cgeek/Sites/chabiao/framework/base/CApplication.php(162): CWebApplication->processRequest()
#2 /Users/cgeek/Sites/chabiao/WebRoot/index.php(16): CApplication->run()
#3 {main}
REQUEST_URI=/admin/assets/ico/favicon.ico
---
2012/11/03 20:25:58 [error] [exception.CHttpException.404] exception 'CHttpException' with message 'Unable to resolve the request "assets/ico/favicon.ico".' in /Users/cgeek/Sites/chabiao/framework/web/CWebApplication.php:280
Stack trace:
#0 /Users/cgeek/Sites/chabiao/framework/web/CWebApplication.php(135): CWebApplication->runController('assets/ico/favi...')
#1 /Users/cgeek/Sites/chabiao/framework/base/CApplication.php(162): CWebApplication->processRequest()
#2 /Users/cgeek/Sites/chabiao/WebRoot/index.php(16): CApplication->run()
#3 {main}
REQUEST_URI=/assets/ico/favicon.ico
---
2012/11/03 20:26:00 [error] [exception.CHttpException.404] exception 'CHttpException' with message 'Unable to resolve the request "admin/assets/ico/favicon.ico".' in /Users/cgeek/Sites/chabiao/framework/web/CWebApplication.php:280
Stack trace:
#0 /Users/cgeek/Sites/chabiao/framework/web/CWebApplication.php(135): CWebApplication->runController('admin/assets/ic...')
#1 /Users/cgeek/Sites/chabiao/framework/base/CApplication.php(162): CWebApplication->processRequest()
#2 /Users/cgeek/Sites/chabiao/WebRoot/index.php(16): CApplication->run()
#3 {main}
REQUEST_URI=/admin/assets/ico/favicon.ico
---
2012/11/03 20:26:02 [error] [exception.CHttpException.404] exception 'CHttpException' with message 'Unable to resolve the request "admin/assets/ico/favicon.ico".' in /Users/cgeek/Sites/chabiao/framework/web/CWebApplication.php:280
Stack trace:
#0 /Users/cgeek/Sites/chabiao/framework/web/CWebApplication.php(135): CWebApplication->runController('admin/assets/ic...')
#1 /Users/cgeek/Sites/chabiao/framework/base/CApplication.php(162): CWebApplication->processRequest()
#2 /Users/cgeek/Sites/chabiao/WebRoot/index.php(16): CApplication->run()
#3 {main}
REQUEST_URI=/admin/assets/ico/favicon.ico
---
2012/11/03 20:26:06 [error] [exception.CHttpException.404] exception 'CHttpException' with message 'Unable to resolve the request "admin/assets/ico/favicon.ico".' in /Users/cgeek/Sites/chabiao/framework/web/CWebApplication.php:280
Stack trace:
#0 /Users/cgeek/Sites/chabiao/framework/web/CWebApplication.php(135): CWebApplication->runController('admin/assets/ic...')
#1 /Users/cgeek/Sites/chabiao/framework/base/CApplication.php(162): CWebApplication->processRequest()
#2 /Users/cgeek/Sites/chabiao/WebRoot/index.php(16): CApplication->run()
#3 {main}
REQUEST_URI=/admin/assets/ico/favicon.ico
---
2012/11/03 20:26:09 [error] [exception.CHttpException.404] exception 'CHttpException' with message 'The system is unable to find the requested action "assets".' in /Users/cgeek/Sites/chabiao/framework/web/CController.php:484
Stack trace:
#0 /Users/cgeek/Sites/chabiao/framework/web/CController.php(271): CController->missingAction('assets')
#1 /Users/cgeek/Sites/chabiao/framework/web/CWebApplication.php(276): CController->run('assets')
#2 /Users/cgeek/Sites/chabiao/framework/web/CWebApplication.php(135): CWebApplication->runController('admin/sites/ass...')
#3 /Users/cgeek/Sites/chabiao/framework/base/CApplication.php(162): CWebApplication->processRequest()
#4 /Users/cgeek/Sites/chabiao/WebRoot/index.php(16): CApplication->run()
#5 {main}
REQUEST_URI=/admin/sites/assets/ico/favicon.ico
---
2012/11/03 20:26:11 [error] [exception.CHttpException.404] exception 'CHttpException' with message 'Unable to resolve the request "admin/assets/ico/favicon.ico".' in /Users/cgeek/Sites/chabiao/framework/web/CWebApplication.php:280
Stack trace:
#0 /Users/cgeek/Sites/chabiao/framework/web/CWebApplication.php(135): CWebApplication->runController('admin/assets/ic...')
#1 /Users/cgeek/Sites/chabiao/framework/base/CApplication.php(162): CWebApplication->processRequest()
#2 /Users/cgeek/Sites/chabiao/WebRoot/index.php(16): CApplication->run()
#3 {main}
REQUEST_URI=/admin/assets/ico/favicon.ico
---
2012/11/03 20:26:21 [error] [exception.CHttpException.404] exception 'CHttpException' with message 'Unable to resolve the request "admin/assets/ico/favicon.ico".' in /Users/cgeek/Sites/chabiao/framework/web/CWebApplication.php:280
Stack trace:
#0 /Users/cgeek/Sites/chabiao/framework/web/CWebApplication.php(135): CWebApplication->runController('admin/assets/ic...')
#1 /Users/cgeek/Sites/chabiao/framework/base/CApplication.php(162): CWebApplication->processRequest()
#2 /Users/cgeek/Sites/chabiao/WebRoot/index.php(16): CApplication->run()
#3 {main}
REQUEST_URI=/admin/assets/ico/favicon.ico
---
2012/11/03 20:26:23 [error] [exception.CHttpException.404] exception 'CHttpException' with message 'Unable to resolve the request "admin/assets/ico/favicon.ico".' in /Users/cgeek/Sites/chabiao/framework/web/CWebApplication.php:280
Stack trace:
#0 /Users/cgeek/Sites/chabiao/framework/web/CWebApplication.php(135): CWebApplication->runController('admin/assets/ic...')
#1 /Users/cgeek/Sites/chabiao/framework/base/CApplication.php(162): CWebApplication->processRequest()
#2 /Users/cgeek/Sites/chabiao/WebRoot/index.php(16): CApplication->run()
#3 {main}
REQUEST_URI=/admin/assets/ico/favicon.ico
---
2012/11/03 20:26:24 [error] [exception.CHttpException.404] exception 'CHttpException' with message 'Unable to resolve the request "admin/assets/ico/favicon.ico".' in /Users/cgeek/Sites/chabiao/framework/web/CWebApplication.php:280
Stack trace:
#0 /Users/cgeek/Sites/chabiao/framework/web/CWebApplication.php(135): CWebApplication->runController('admin/assets/ic...')
#1 /Users/cgeek/Sites/chabiao/framework/base/CApplication.php(162): CWebApplication->processRequest()
#2 /Users/cgeek/Sites/chabiao/WebRoot/index.php(16): CApplication->run()
#3 {main}
REQUEST_URI=/admin/assets/ico/favicon.ico
---
2012/11/03 20:26:25 [error] [exception.CHttpException.404] exception 'CHttpException' with message 'The system is unable to find the requested action "assets".' in /Users/cgeek/Sites/chabiao/framework/web/CController.php:484
Stack trace:
#0 /Users/cgeek/Sites/chabiao/framework/web/CController.php(271): CController->missingAction('assets')
#1 /Users/cgeek/Sites/chabiao/framework/web/CWebApplication.php(276): CController->run('assets')
#2 /Users/cgeek/Sites/chabiao/framework/web/CWebApplication.php(135): CWebApplication->runController('admin/sites/ass...')
#3 /Users/cgeek/Sites/chabiao/framework/base/CApplication.php(162): CWebApplication->processRequest()
#4 /Users/cgeek/Sites/chabiao/WebRoot/index.php(16): CApplication->run()
#5 {main}
REQUEST_URI=/admin/sites/assets/ico/favicon.ico
---
2012/11/03 20:26:26 [error] [exception.CHttpException.404] exception 'CHttpException' with message 'Unable to resolve the request "admin/assets/ico/favicon.ico".' in /Users/cgeek/Sites/chabiao/framework/web/CWebApplication.php:280
Stack trace:
#0 /Users/cgeek/Sites/chabiao/framework/web/CWebApplication.php(135): CWebApplication->runController('admin/assets/ic...')
#1 /Users/cgeek/Sites/chabiao/framework/base/CApplication.php(162): CWebApplication->processRequest()
#2 /Users/cgeek/Sites/chabiao/WebRoot/index.php(16): CApplication->run()
#3 {main}
REQUEST_URI=/admin/assets/ico/favicon.ico
---
2012/11/03 20:26:27 [error] [exception.CHttpException.404] exception 'CHttpException' with message 'Unable to resolve the request "admin/assets/ico/favicon.ico".' in /Users/cgeek/Sites/chabiao/framework/web/CWebApplication.php:280
Stack trace:
#0 /Users/cgeek/Sites/chabiao/framework/web/CWebApplication.php(135): CWebApplication->runController('admin/assets/ic...')
#1 /Users/cgeek/Sites/chabiao/framework/base/CApplication.php(162): CWebApplication->processRequest()
#2 /Users/cgeek/Sites/chabiao/WebRoot/index.php(16): CApplication->run()
#3 {main}
REQUEST_URI=/admin/assets/ico/favicon.ico
---
2012/11/03 20:26:31 [error] [exception.CHttpException.404] exception 'CHttpException' with message 'Unable to resolve the request "admin/assets/ico/favicon.ico".' in /Users/cgeek/Sites/chabiao/framework/web/CWebApplication.php:280
Stack trace:
#0 /Users/cgeek/Sites/chabiao/framework/web/CWebApplication.php(135): CWebApplication->runController('admin/assets/ic...')
#1 /Users/cgeek/Sites/chabiao/framework/base/CApplication.php(162): CWebApplication->processRequest()
#2 /Users/cgeek/Sites/chabiao/WebRoot/index.php(16): CApplication->run()
#3 {main}
REQUEST_URI=/admin/assets/ico/favicon.ico
---
2012/11/03 20:26:31 [error] [exception.CHttpException.404] exception 'CHttpException' with message 'Unable to resolve the request "admin/assets/ico/favicon.ico".' in /Users/cgeek/Sites/chabiao/framework/web/CWebApplication.php:280
Stack trace:
#0 /Users/cgeek/Sites/chabiao/framework/web/CWebApplication.php(135): CWebApplication->runController('admin/assets/ic...')
#1 /Users/cgeek/Sites/chabiao/framework/base/CApplication.php(162): CWebApplication->processRequest()
#2 /Users/cgeek/Sites/chabiao/WebRoot/index.php(16): CApplication->run()
#3 {main}
REQUEST_URI=/admin/assets/ico/favicon.ico
---
2012/11/03 20:26:32 [error] [exception.CHttpException.404] exception 'CHttpException' with message 'Unable to resolve the request "admin/assets/ico/favicon.ico".' in /Users/cgeek/Sites/chabiao/framework/web/CWebApplication.php:280
Stack trace:
#0 /Users/cgeek/Sites/chabiao/framework/web/CWebApplication.php(135): CWebApplication->runController('admin/assets/ic...')
#1 /Users/cgeek/Sites/chabiao/framework/base/CApplication.php(162): CWebApplication->processRequest()
#2 /Users/cgeek/Sites/chabiao/WebRoot/index.php(16): CApplication->run()
#3 {main}
REQUEST_URI=/admin/assets/ico/favicon.ico
---
2012/11/03 20:26:33 [error] [exception.CHttpException.404] exception 'CHttpException' with message 'Unable to resolve the request "admin/assets/ico/favicon.ico".' in /Users/cgeek/Sites/chabiao/framework/web/CWebApplication.php:280
Stack trace:
#0 /Users/cgeek/Sites/chabiao/framework/web/CWebApplication.php(135): CWebApplication->runController('admin/assets/ic...')
#1 /Users/cgeek/Sites/chabiao/framework/base/CApplication.php(162): CWebApplication->processRequest()
#2 /Users/cgeek/Sites/chabiao/WebRoot/index.php(16): CApplication->run()
#3 {main}
REQUEST_URI=/admin/assets/ico/favicon.ico
---
2012/11/03 20:26:34 [error] [exception.CHttpException.404] exception 'CHttpException' with message 'Unable to resolve the request "admin/assets/ico/favicon.ico".' in /Users/cgeek/Sites/chabiao/framework/web/CWebApplication.php:280
Stack trace:
#0 /Users/cgeek/Sites/chabiao/framework/web/CWebApplication.php(135): CWebApplication->runController('admin/assets/ic...')
#1 /Users/cgeek/Sites/chabiao/framework/base/CApplication.php(162): CWebApplication->processRequest()
#2 /Users/cgeek/Sites/chabiao/WebRoot/index.php(16): CApplication->run()
#3 {main}
REQUEST_URI=/admin/assets/ico/favicon.ico
---
2012/11/03 20:26:35 [error] [exception.CHttpException.404] exception 'CHttpException' with message 'Unable to resolve the request "admin/assets/ico/favicon.ico".' in /Users/cgeek/Sites/chabiao/framework/web/CWebApplication.php:280
Stack trace:
#0 /Users/cgeek/Sites/chabiao/framework/web/CWebApplication.php(135): CWebApplication->runController('admin/assets/ic...')
#1 /Users/cgeek/Sites/chabiao/framework/base/CApplication.php(162): CWebApplication->processRequest()
#2 /Users/cgeek/Sites/chabiao/WebRoot/index.php(16): CApplication->run()
#3 {main}
REQUEST_URI=/admin/assets/ico/favicon.ico
---
2012/11/03 20:26:36 [error] [exception.CHttpException.404] exception 'CHttpException' with message 'Unable to resolve the request "admin/assets/ico/favicon.ico".' in /Users/cgeek/Sites/chabiao/framework/web/CWebApplication.php:280
Stack trace:
#0 /Users/cgeek/Sites/chabiao/framework/web/CWebApplication.php(135): CWebApplication->runController('admin/assets/ic...')
#1 /Users/cgeek/Sites/chabiao/framework/base/CApplication.php(162): CWebApplication->processRequest()
#2 /Users/cgeek/Sites/chabiao/WebRoot/index.php(16): CApplication->run()
#3 {main}
REQUEST_URI=/admin/assets/ico/favicon.ico
---
2012/11/03 20:26:37 [error] [exception.CHttpException.404] exception 'CHttpException' with message 'Unable to resolve the request "admin/assets/ico/favicon.ico".' in /Users/cgeek/Sites/chabiao/framework/web/CWebApplication.php:280
Stack trace:
#0 /Users/cgeek/Sites/chabiao/framework/web/CWebApplication.php(135): CWebApplication->runController('admin/assets/ic...')
#1 /Users/cgeek/Sites/chabiao/framework/base/CApplication.php(162): CWebApplication->processRequest()
#2 /Users/cgeek/Sites/chabiao/WebRoot/index.php(16): CApplication->run()
#3 {main}
REQUEST_URI=/admin/assets/ico/favicon.ico
---
2012/11/03 20:26:40 [error] [exception.CHttpException.404] exception 'CHttpException' with message 'Unable to resolve the request "admin/assets/ico/favicon.ico".' in /Users/cgeek/Sites/chabiao/framework/web/CWebApplication.php:280
Stack trace:
#0 /Users/cgeek/Sites/chabiao/framework/web/CWebApplication.php(135): CWebApplication->runController('admin/assets/ic...')
#1 /Users/cgeek/Sites/chabiao/framework/base/CApplication.php(162): CWebApplication->processRequest()
#2 /Users/cgeek/Sites/chabiao/WebRoot/index.php(16): CApplication->run()
#3 {main}
REQUEST_URI=/admin/assets/ico/favicon.ico
---
2012/11/03 20:26:41 [error] [exception.CHttpException.404] exception 'CHttpException' with message 'Unable to resolve the request "admin/assets/ico/favicon.ico".' in /Users/cgeek/Sites/chabiao/framework/web/CWebApplication.php:280
Stack trace:
#0 /Users/cgeek/Sites/chabiao/framework/web/CWebApplication.php(135): CWebApplication->runController('admin/assets/ic...')
#1 /Users/cgeek/Sites/chabiao/framework/base/CApplication.php(162): CWebApplication->processRequest()
#2 /Users/cgeek/Sites/chabiao/WebRoot/index.php(16): CApplication->run()
#3 {main}
REQUEST_URI=/admin/assets/ico/favicon.ico
---
2012/11/03 20:26:42 [error] [exception.CHttpException.404] exception 'CHttpException' with message 'Unable to resolve the request "admin/assets/ico/favicon.ico".' in /Users/cgeek/Sites/chabiao/framework/web/CWebApplication.php:280
Stack trace:
#0 /Users/cgeek/Sites/chabiao/framework/web/CWebApplication.php(135): CWebApplication->runController('admin/assets/ic...')
#1 /Users/cgeek/Sites/chabiao/framework/base/CApplication.php(162): CWebApplication->processRequest()
#2 /Users/cgeek/Sites/chabiao/WebRoot/index.php(16): CApplication->run()
#3 {main}
REQUEST_URI=/admin/assets/ico/favicon.ico
---
2012/11/03 20:26:43 [error] [exception.CHttpException.404] exception 'CHttpException' with message 'Unable to resolve the request "admin/assets/ico/favicon.ico".' in /Users/cgeek/Sites/chabiao/framework/web/CWebApplication.php:280
Stack trace:
#0 /Users/cgeek/Sites/chabiao/framework/web/CWebApplication.php(135): CWebApplication->runController('admin/assets/ic...')
#1 /Users/cgeek/Sites/chabiao/framework/base/CApplication.php(162): CWebApplication->processRequest()
#2 /Users/cgeek/Sites/chabiao/WebRoot/index.php(16): CApplication->run()
#3 {main}
REQUEST_URI=/admin/assets/ico/favicon.ico
---
2012/11/03 20:27:13 [error] [exception.CHttpException.404] exception 'CHttpException' with message 'Unable to resolve the request "admin/assets/ico/favicon.ico".' in /Users/cgeek/Sites/chabiao/framework/web/CWebApplication.php:280
Stack trace:
#0 /Users/cgeek/Sites/chabiao/framework/web/CWebApplication.php(135): CWebApplication->runController('admin/assets/ic...')
#1 /Users/cgeek/Sites/chabiao/framework/base/CApplication.php(162): CWebApplication->processRequest()
#2 /Users/cgeek/Sites/chabiao/WebRoot/index.php(16): CApplication->run()
#3 {main}
REQUEST_URI=/admin/assets/ico/favicon.ico
---
2012/11/03 20:27:26 [error] [exception.CHttpException.404] exception 'CHttpException' with message 'Unable to resolve the request "admin/assets/ico/favicon.ico".' in /Users/cgeek/Sites/chabiao/framework/web/CWebApplication.php:280
Stack trace:
#0 /Users/cgeek/Sites/chabiao/framework/web/CWebApplication.php(135): CWebApplication->runController('admin/assets/ic...')
#1 /Users/cgeek/Sites/chabiao/framework/base/CApplication.php(162): CWebApplication->processRequest()
#2 /Users/cgeek/Sites/chabiao/WebRoot/index.php(16): CApplication->run()
#3 {main}
REQUEST_URI=/admin/assets/ico/favicon.ico
---
2012/11/03 20:27:39 [error] [exception.CHttpException.404] exception 'CHttpException' with message 'Unable to resolve the request "admin/assets/ico/favicon.ico".' in /Users/cgeek/Sites/chabiao/framework/web/CWebApplication.php:280
Stack trace:
#0 /Users/cgeek/Sites/chabiao/framework/web/CWebApplication.php(135): CWebApplication->runController('admin/assets/ic...')
#1 /Users/cgeek/Sites/chabiao/framework/base/CApplication.php(162): CWebApplication->processRequest()
#2 /Users/cgeek/Sites/chabiao/WebRoot/index.php(16): CApplication->run()
#3 {main}
REQUEST_URI=/admin/assets/ico/favicon.ico
---
2012/11/03 20:27:41 [error] [exception.CHttpException.404] exception 'CHttpException' with message 'The system is unable to find the requested action "assets".' in /Users/cgeek/Sites/chabiao/framework/web/CController.php:484
Stack trace:
#0 /Users/cgeek/Sites/chabiao/framework/web/CController.php(271): CController->missingAction('assets')
#1 /Users/cgeek/Sites/chabiao/framework/web/CWebApplication.php(276): CController->run('assets')
#2 /Users/cgeek/Sites/chabiao/framework/web/CWebApplication.php(135): CWebApplication->runController('admin/post/asse...')
#3 /Users/cgeek/Sites/chabiao/framework/base/CApplication.php(162): CWebApplication->processRequest()
#4 /Users/cgeek/Sites/chabiao/WebRoot/index.php(16): CApplication->run()
#5 {main}
REQUEST_URI=/admin/post/assets/ico/favicon.ico
---
2012/11/03 20:27:42 [error] [exception.CHttpException.404] exception 'CHttpException' with message 'The system is unable to find the requested action "assets".' in /Users/cgeek/Sites/chabiao/framework/web/CController.php:484
Stack trace:
#0 /Users/cgeek/Sites/chabiao/framework/web/CController.php(271): CController->missingAction('assets')
#1 /Users/cgeek/Sites/chabiao/framework/web/CWebApplication.php(276): CController->run('assets')
#2 /Users/cgeek/Sites/chabiao/framework/web/CWebApplication.php(135): CWebApplication->runController('admin/post/asse...')
#3 /Users/cgeek/Sites/chabiao/framework/base/CApplication.php(162): CWebApplication->processRequest()
#4 /Users/cgeek/Sites/chabiao/WebRoot/index.php(16): CApplication->run()
#5 {main}
REQUEST_URI=/admin/post/assets/ico/favicon.ico
---
2012/11/03 20:27:43 [error] [exception.CHttpException.404] exception 'CHttpException' with message 'The system is unable to find the requested action "assets".' in /Users/cgeek/Sites/chabiao/framework/web/CController.php:484
Stack trace:
#0 /Users/cgeek/Sites/chabiao/framework/web/CController.php(271): CController->missingAction('assets')
#1 /Users/cgeek/Sites/chabiao/framework/web/CWebApplication.php(276): CController->run('assets')
#2 /Users/cgeek/Sites/chabiao/framework/web/CWebApplication.php(135): CWebApplication->runController('admin/post/asse...')
#3 /Users/cgeek/Sites/chabiao/framework/base/CApplication.php(162): CWebApplication->processRequest()
#4 /Users/cgeek/Sites/chabiao/WebRoot/index.php(16): CApplication->run()
#5 {main}
REQUEST_URI=/admin/post/assets/ico/favicon.ico
---
2012/11/03 20:27:43 [error] [exception.CHttpException.404] exception 'CHttpException' with message 'The system is unable to find the requested action "assets".' in /Users/cgeek/Sites/chabiao/framework/web/CController.php:484
Stack trace:
#0 /Users/cgeek/Sites/chabiao/framework/web/CController.php(271): CController->missingAction('assets')
#1 /Users/cgeek/Sites/chabiao/framework/web/CWebApplication.php(276): CController->run('assets')
#2 /Users/cgeek/Sites/chabiao/framework/web/CWebApplication.php(135): CWebApplication->runController('admin/post/asse...')
#3 /Users/cgeek/Sites/chabiao/framework/base/CApplication.php(162): CWebApplication->processRequest()
#4 /Users/cgeek/Sites/chabiao/WebRoot/index.php(16): CApplication->run()
#5 {main}
REQUEST_URI=/admin/post/assets/ico/favicon.ico
---
2012/11/03 20:27:44 [error] [exception.CHttpException.404] exception 'CHttpException' with message 'The system is unable to find the requested action "assets".' in /Users/cgeek/Sites/chabiao/framework/web/CController.php:484
Stack trace:
#0 /Users/cgeek/Sites/chabiao/framework/web/CController.php(271): CController->missingAction('assets')
#1 /Users/cgeek/Sites/chabiao/framework/web/CWebApplication.php(276): CController->run('assets')
#2 /Users/cgeek/Sites/chabiao/framework/web/CWebApplication.php(135): CWebApplication->runController('admin/post/asse...')
#3 /Users/cgeek/Sites/chabiao/framework/base/CApplication.php(162): CWebApplication->processRequest()
#4 /Users/cgeek/Sites/chabiao/WebRoot/index.php(16): CApplication->run()
#5 {main}
REQUEST_URI=/admin/post/assets/ico/favicon.ico
---
2012/11/03 20:27:46 [error] [exception.CHttpException.404] exception 'CHttpException' with message 'Unable to resolve the request "admin/assets/ico/favicon.ico".' in /Users/cgeek/Sites/chabiao/framework/web/CWebApplication.php:280
Stack trace:
#0 /Users/cgeek/Sites/chabiao/framework/web/CWebApplication.php(135): CWebApplication->runController('admin/assets/ic...')
#1 /Users/cgeek/Sites/chabiao/framework/base/CApplication.php(162): CWebApplication->processRequest()
#2 /Users/cgeek/Sites/chabiao/WebRoot/index.php(16): CApplication->run()
#3 {main}
REQUEST_URI=/admin/assets/ico/favicon.ico
---
2012/11/03 20:27:47 [error] [exception.CHttpException.404] exception 'CHttpException' with message 'Unable to resolve the request "admin/assets/ico/favicon.ico".' in /Users/cgeek/Sites/chabiao/framework/web/CWebApplication.php:280
Stack trace:
#0 /Users/cgeek/Sites/chabiao/framework/web/CWebApplication.php(135): CWebApplication->runController('admin/assets/ic...')
#1 /Users/cgeek/Sites/chabiao/framework/base/CApplication.php(162): CWebApplication->processRequest()
#2 /Users/cgeek/Sites/chabiao/WebRoot/index.php(16): CApplication->run()
#3 {main}
REQUEST_URI=/admin/assets/ico/favicon.ico
---
2012/11/03 20:27:50 [error] [exception.CHttpException.404] exception 'CHttpException' with message 'Unable to resolve the request "admin/assets/ico/favicon.ico".' in /Users/cgeek/Sites/chabiao/framework/web/CWebApplication.php:280
Stack trace:
#0 /Users/cgeek/Sites/chabiao/framework/web/CWebApplication.php(135): CWebApplication->runController('admin/assets/ic...')
#1 /Users/cgeek/Sites/chabiao/framework/base/CApplication.php(162): CWebApplication->processRequest()
#2 /Users/cgeek/Sites/chabiao/WebRoot/index.php(16): CApplication->run()
#3 {main}
REQUEST_URI=/admin/assets/ico/favicon.ico
---
2012/11/03 20:27:51 [error] [exception.CHttpException.404] exception 'CHttpException' with message 'Unable to resolve the request "admin/assets/ico/favicon.ico".' in /Users/cgeek/Sites/chabiao/framework/web/CWebApplication.php:280
Stack trace:
#0 /Users/cgeek/Sites/chabiao/framework/web/CWebApplication.php(135): CWebApplication->runController('admin/assets/ic...')
#1 /Users/cgeek/Sites/chabiao/framework/base/CApplication.php(162): CWebApplication->processRequest()
#2 /Users/cgeek/Sites/chabiao/WebRoot/index.php(16): CApplication->run()
#3 {main}
REQUEST_URI=/admin/assets/ico/favicon.ico
---
2012/11/03 20:27:52 [error] [exception.CHttpException.404] exception 'CHttpException' with message 'Unable to resolve the request "admin/assets/ico/favicon.ico".' in /Users/cgeek/Sites/chabiao/framework/web/CWebApplication.php:280
Stack trace:
#0 /Users/cgeek/Sites/chabiao/framework/web/CWebApplication.php(135): CWebApplication->runController('admin/assets/ic...')
#1 /Users/cgeek/Sites/chabiao/framework/base/CApplication.php(162): CWebApplication->processRequest()
#2 /Users/cgeek/Sites/chabiao/WebRoot/index.php(16): CApplication->run()
#3 {main}
REQUEST_URI=/admin/assets/ico/favicon.ico
---
2012/11/03 20:28:19 [error] [exception.CHttpException.404] exception 'CHttpException' with message 'Unable to resolve the request "admin/assets/ico/favicon.ico".' in /Users/cgeek/Sites/chabiao/framework/web/CWebApplication.php:280
Stack trace:
#0 /Users/cgeek/Sites/chabiao/framework/web/CWebApplication.php(135): CWebApplication->runController('admin/assets/ic...')
#1 /Users/cgeek/Sites/chabiao/framework/base/CApplication.php(162): CWebApplication->processRequest()
#2 /Users/cgeek/Sites/chabiao/WebRoot/index.php(16): CApplication->run()
#3 {main}
REQUEST_URI=/admin/assets/ico/favicon.ico
---
2012/11/03 20:28:43 [error] [exception.CHttpException.404] exception 'CHttpException' with message 'Unable to resolve the request "admin/assets/ico/favicon.ico".' in /Users/cgeek/Sites/chabiao/framework/web/CWebApplication.php:280
Stack trace:
#0 /Users/cgeek/Sites/chabiao/framework/web/CWebApplication.php(135): CWebApplication->runController('admin/assets/ic...')
#1 /Users/cgeek/Sites/chabiao/framework/base/CApplication.php(162): CWebApplication->processRequest()
#2 /Users/cgeek/Sites/chabiao/WebRoot/index.php(16): CApplication->run()
#3 {main}
REQUEST_URI=/admin/assets/ico/favicon.ico
---
2012/11/03 20:29:06 [error] [exception.CHttpException.404] exception 'CHttpException' with message 'The system is unable to find the requested action "assets".' in /Users/cgeek/Sites/chabiao/framework/web/CController.php:484
Stack trace:
#0 /Users/cgeek/Sites/chabiao/framework/web/CController.php(271): CController->missingAction('assets')
#1 /Users/cgeek/Sites/chabiao/framework/web/CWebApplication.php(276): CController->run('assets')
#2 /Users/cgeek/Sites/chabiao/framework/web/CWebApplication.php(135): CWebApplication->runController('admin/sites/ass...')
#3 /Users/cgeek/Sites/chabiao/framework/base/CApplication.php(162): CWebApplication->processRequest()
#4 /Users/cgeek/Sites/chabiao/WebRoot/index.php(16): CApplication->run()
#5 {main}
REQUEST_URI=/admin/sites/assets/ico/favicon.ico
---
2012/11/03 20:29:13 [error] [exception.CHttpException.404] exception 'CHttpException' with message 'Unable to resolve the request "admin/assets/ico/favicon.ico".' in /Users/cgeek/Sites/chabiao/framework/web/CWebApplication.php:280
Stack trace:
#0 /Users/cgeek/Sites/chabiao/framework/web/CWebApplication.php(135): CWebApplication->runController('admin/assets/ic...')
#1 /Users/cgeek/Sites/chabiao/framework/base/CApplication.php(162): CWebApplication->processRequest()
#2 /Users/cgeek/Sites/chabiao/WebRoot/index.php(16): CApplication->run()
#3 {main}
REQUEST_URI=/admin/assets/ico/favicon.ico
---
2012/11/03 20:29:14 [error] [exception.CHttpException.404] exception 'CHttpException' with message 'Unable to resolve the request "assets/ico/favicon.ico".' in /Users/cgeek/Sites/chabiao/framework/web/CWebApplication.php:280
Stack trace:
#0 /Users/cgeek/Sites/chabiao/framework/web/CWebApplication.php(135): CWebApplication->runController('assets/ico/favi...')
#1 /Users/cgeek/Sites/chabiao/framework/base/CApplication.php(162): CWebApplication->processRequest()
#2 /Users/cgeek/Sites/chabiao/WebRoot/index.php(16): CApplication->run()
#3 {main}
REQUEST_URI=/assets/ico/favicon.ico
---
2012/11/03 20:29:15 [error] [exception.CHttpException.404] exception 'CHttpException' with message 'Unable to resolve the request "admin/assets/ico/favicon.ico".' in /Users/cgeek/Sites/chabiao/framework/web/CWebApplication.php:280
Stack trace:
#0 /Users/cgeek/Sites/chabiao/framework/web/CWebApplication.php(135): CWebApplication->runController('admin/assets/ic...')
#1 /Users/cgeek/Sites/chabiao/framework/base/CApplication.php(162): CWebApplication->processRequest()
#2 /Users/cgeek/Sites/chabiao/WebRoot/index.php(16): CApplication->run()
#3 {main}
REQUEST_URI=/admin/assets/ico/favicon.ico
---
2012/11/03 20:29:16 [error] [exception.CHttpException.404] exception 'CHttpException' with message 'Unable to resolve the request "assets/ico/favicon.ico".' in /Users/cgeek/Sites/chabiao/framework/web/CWebApplication.php:280
Stack trace:
#0 /Users/cgeek/Sites/chabiao/framework/web/CWebApplication.php(135): CWebApplication->runController('assets/ico/favi...')
#1 /Users/cgeek/Sites/chabiao/framework/base/CApplication.php(162): CWebApplication->processRequest()
#2 /Users/cgeek/Sites/chabiao/WebRoot/index.php(16): CApplication->run()
#3 {main}
REQUEST_URI=/assets/ico/favicon.ico
---
2012/11/03 20:29:24 [error] [exception.CHttpException.404] exception 'CHttpException' with message 'Unable to resolve the request "admin/assets/ico/favicon.ico".' in /Users/cgeek/Sites/chabiao/framework/web/CWebApplication.php:280
Stack trace:
#0 /Users/cgeek/Sites/chabiao/framework/web/CWebApplication.php(135): CWebApplication->runController('admin/assets/ic...')
#1 /Users/cgeek/Sites/chabiao/framework/base/CApplication.php(162): CWebApplication->processRequest()
#2 /Users/cgeek/Sites/chabiao/WebRoot/index.php(16): CApplication->run()
#3 {main}
REQUEST_URI=/admin/assets/ico/favicon.ico
---
2012/11/03 20:29:25 [error] [exception.CHttpException.404] exception 'CHttpException' with message 'Unable to resolve the request "admin/assets/ico/favicon.ico".' in /Users/cgeek/Sites/chabiao/framework/web/CWebApplication.php:280
Stack trace:
#0 /Users/cgeek/Sites/chabiao/framework/web/CWebApplication.php(135): CWebApplication->runController('admin/assets/ic...')
#1 /Users/cgeek/Sites/chabiao/framework/base/CApplication.php(162): CWebApplication->processRequest()
#2 /Users/cgeek/Sites/chabiao/WebRoot/index.php(16): CApplication->run()
#3 {main}
REQUEST_URI=/admin/assets/ico/favicon.ico
---
2012/11/03 20:29:26 [error] [exception.CHttpException.404] exception 'CHttpException' with message 'Unable to resolve the request "admin/assets/ico/favicon.ico".' in /Users/cgeek/Sites/chabiao/framework/web/CWebApplication.php:280
Stack trace:
#0 /Users/cgeek/Sites/chabiao/framework/web/CWebApplication.php(135): CWebApplication->runController('admin/assets/ic...')
#1 /Users/cgeek/Sites/chabiao/framework/base/CApplication.php(162): CWebApplication->processRequest()
#2 /Users/cgeek/Sites/chabiao/WebRoot/index.php(16): CApplication->run()
#3 {main}
REQUEST_URI=/admin/assets/ico/favicon.ico
---
2012/11/03 20:29:26 [error] [exception.CHttpException.404] exception 'CHttpException' with message 'Unable to resolve the request "admin/assets/ico/favicon.ico".' in /Users/cgeek/Sites/chabiao/framework/web/CWebApplication.php:280
Stack trace:
#0 /Users/cgeek/Sites/chabiao/framework/web/CWebApplication.php(135): CWebApplication->runController('admin/assets/ic...')
#1 /Users/cgeek/Sites/chabiao/framework/base/CApplication.php(162): CWebApplication->processRequest()
#2 /Users/cgeek/Sites/chabiao/WebRoot/index.php(16): CApplication->run()
#3 {main}
REQUEST_URI=/admin/assets/ico/favicon.ico
---
2012/11/03 20:29:27 [error] [exception.CHttpException.404] exception 'CHttpException' with message 'Unable to resolve the request "admin/assets/ico/favicon.ico".' in /Users/cgeek/Sites/chabiao/framework/web/CWebApplication.php:280
Stack trace:
#0 /Users/cgeek/Sites/chabiao/framework/web/CWebApplication.php(135): CWebApplication->runController('admin/assets/ic...')
#1 /Users/cgeek/Sites/chabiao/framework/base/CApplication.php(162): CWebApplication->processRequest()
#2 /Users/cgeek/Sites/chabiao/WebRoot/index.php(16): CApplication->run()
#3 {main}
REQUEST_URI=/admin/assets/ico/favicon.ico
---
2012/11/03 20:29:28 [error] [exception.CHttpException.404] exception 'CHttpException' with message 'Unable to resolve the request "assets/ico/favicon.ico".' in /Users/cgeek/Sites/chabiao/framework/web/CWebApplication.php:280
Stack trace:
#0 /Users/cgeek/Sites/chabiao/framework/web/CWebApplication.php(135): CWebApplication->runController('assets/ico/favi...')
#1 /Users/cgeek/Sites/chabiao/framework/base/CApplication.php(162): CWebApplication->processRequest()
#2 /Users/cgeek/Sites/chabiao/WebRoot/index.php(16): CApplication->run()
#3 {main}
REQUEST_URI=/assets/ico/favicon.ico
---
2012/11/03 20:29:29 [error] [exception.CHttpException.404] exception 'CHttpException' with message 'Unable to resolve the request "admin/assets/ico/favicon.ico".' in /Users/cgeek/Sites/chabiao/framework/web/CWebApplication.php:280
Stack trace:
#0 /Users/cgeek/Sites/chabiao/framework/web/CWebApplication.php(135): CWebApplication->runController('admin/assets/ic...')
#1 /Users/cgeek/Sites/chabiao/framework/base/CApplication.php(162): CWebApplication->processRequest()
#2 /Users/cgeek/Sites/chabiao/WebRoot/index.php(16): CApplication->run()
#3 {main}
REQUEST_URI=/admin/assets/ico/favicon.ico
---
2012/11/03 20:29:30 [error] [exception.CHttpException.404] exception 'CHttpException' with message 'Unable to resolve the request "admin/assets/ico/favicon.ico".' in /Users/cgeek/Sites/chabiao/framework/web/CWebApplication.php:280
Stack trace:
#0 /Users/cgeek/Sites/chabiao/framework/web/CWebApplication.php(135): CWebApplication->runController('admin/assets/ic...')
#1 /Users/cgeek/Sites/chabiao/framework/base/CApplication.php(162): CWebApplication->processRequest()
#2 /Users/cgeek/Sites/chabiao/WebRoot/index.php(16): CApplication->run()
#3 {main}
REQUEST_URI=/admin/assets/ico/favicon.ico
---
2012/11/03 20:29:30 [error] [exception.CHttpException.404] exception 'CHttpException' with message 'Unable to resolve the request "admin/assets/ico/favicon.ico".' in /Users/cgeek/Sites/chabiao/framework/web/CWebApplication.php:280
Stack trace:
#0 /Users/cgeek/Sites/chabiao/framework/web/CWebApplication.php(135): CWebApplication->runController('admin/assets/ic...')
#1 /Users/cgeek/Sites/chabiao/framework/base/CApplication.php(162): CWebApplication->processRequest()
#2 /Users/cgeek/Sites/chabiao/WebRoot/index.php(16): CApplication->run()
#3 {main}
REQUEST_URI=/admin/assets/ico/favicon.ico
---
2012/11/03 20:29:33 [error] [exception.CHttpException.404] exception 'CHttpException' with message 'Unable to resolve the request "admin/assets/ico/favicon.ico".' in /Users/cgeek/Sites/chabiao/framework/web/CWebApplication.php:280
Stack trace:
#0 /Users/cgeek/Sites/chabiao/framework/web/CWebApplication.php(135): CWebApplication->runController('admin/assets/ic...')
#1 /Users/cgeek/Sites/chabiao/framework/base/CApplication.php(162): CWebApplication->processRequest()
#2 /Users/cgeek/Sites/chabiao/WebRoot/index.php(16): CApplication->run()
#3 {main}
REQUEST_URI=/admin/assets/ico/favicon.ico
---
2012/11/03 20:29:37 [error] [exception.CHttpException.404] exception 'CHttpException' with message 'Unable to resolve the request "admin/assets/ico/favicon.ico".' in /Users/cgeek/Sites/chabiao/framework/web/CWebApplication.php:280
Stack trace:
#0 /Users/cgeek/Sites/chabiao/framework/web/CWebApplication.php(135): CWebApplication->runController('admin/assets/ic...')
#1 /Users/cgeek/Sites/chabiao/framework/base/CApplication.php(162): CWebApplication->processRequest()
#2 /Users/cgeek/Sites/chabiao/WebRoot/index.php(16): CApplication->run()
#3 {main}
REQUEST_URI=/admin/assets/ico/favicon.ico
---
2012/11/03 20:30:03 [error] [exception.CHttpException.404] exception 'CHttpException' with message 'Unable to resolve the request "admin/assets/ico/favicon.ico".' in /Users/cgeek/Sites/chabiao/framework/web/CWebApplication.php:280
Stack trace:
#0 /Users/cgeek/Sites/chabiao/framework/web/CWebApplication.php(135): CWebApplication->runController('admin/assets/ic...')
#1 /Users/cgeek/Sites/chabiao/framework/base/CApplication.php(162): CWebApplication->processRequest()
#2 /Users/cgeek/Sites/chabiao/WebRoot/index.php(16): CApplication->run()
#3 {main}
REQUEST_URI=/admin/assets/ico/favicon.ico
---
2012/11/03 20:30:28 [error] [exception.CHttpException.404] exception 'CHttpException' with message 'Unable to resolve the request "admin/assets/ico/favicon.ico".' in /Users/cgeek/Sites/chabiao/framework/web/CWebApplication.php:280
Stack trace:
#0 /Users/cgeek/Sites/chabiao/framework/web/CWebApplication.php(135): CWebApplication->runController('admin/assets/ic...')
#1 /Users/cgeek/Sites/chabiao/framework/base/CApplication.php(162): CWebApplication->processRequest()
#2 /Users/cgeek/Sites/chabiao/WebRoot/index.php(16): CApplication->run()
#3 {main}
REQUEST_URI=/admin/assets/ico/favicon.ico
---
2012/11/03 20:30:30 [error] [exception.CHttpException.404] exception 'CHttpException' with message 'Unable to resolve the request "admin/assets/ico/favicon.ico".' in /Users/cgeek/Sites/chabiao/framework/web/CWebApplication.php:280
Stack trace:
#0 /Users/cgeek/Sites/chabiao/framework/web/CWebApplication.php(135): CWebApplication->runController('admin/assets/ic...')
#1 /Users/cgeek/Sites/chabiao/framework/base/CApplication.php(162): CWebApplication->processRequest()
#2 /Users/cgeek/Sites/chabiao/WebRoot/index.php(16): CApplication->run()
#3 {main}
REQUEST_URI=/admin/assets/ico/favicon.ico
---
2012/11/03 20:30:43 [error] [exception.CHttpException.404] exception 'CHttpException' with message 'Unable to resolve the request "admin/assets/ico/favicon.ico".' in /Users/cgeek/Sites/chabiao/framework/web/CWebApplication.php:280
Stack trace:
#0 /Users/cgeek/Sites/chabiao/framework/web/CWebApplication.php(135): CWebApplication->runController('admin/assets/ic...')
#1 /Users/cgeek/Sites/chabiao/framework/base/CApplication.php(162): CWebApplication->processRequest()
#2 /Users/cgeek/Sites/chabiao/WebRoot/index.php(16): CApplication->run()
#3 {main}
REQUEST_URI=/admin/assets/ico/favicon.ico
---
2012/11/03 20:30:45 [error] [exception.CHttpException.404] exception 'CHttpException' with message 'Unable to resolve the request "admin/assets/ico/favicon.ico".' in /Users/cgeek/Sites/chabiao/framework/web/CWebApplication.php:280
Stack trace:
#0 /Users/cgeek/Sites/chabiao/framework/web/CWebApplication.php(135): CWebApplication->runController('admin/assets/ic...')
#1 /Users/cgeek/Sites/chabiao/framework/base/CApplication.php(162): CWebApplication->processRequest()
#2 /Users/cgeek/Sites/chabiao/WebRoot/index.php(16): CApplication->run()
#3 {main}
REQUEST_URI=/admin/assets/ico/favicon.ico
---
2012/11/03 20:30:46 [error] [exception.CHttpException.404] exception 'CHttpException' with message 'Unable to resolve the request "admin/assets/ico/favicon.ico".' in /Users/cgeek/Sites/chabiao/framework/web/CWebApplication.php:280
Stack trace:
#0 /Users/cgeek/Sites/chabiao/framework/web/CWebApplication.php(135): CWebApplication->runController('admin/assets/ic...')
#1 /Users/cgeek/Sites/chabiao/framework/base/CApplication.php(162): CWebApplication->processRequest()
#2 /Users/cgeek/Sites/chabiao/WebRoot/index.php(16): CApplication->run()
#3 {main}
REQUEST_URI=/admin/assets/ico/favicon.ico
---
2012/11/03 20:30:47 [error] [exception.CHttpException.404] exception 'CHttpException' with message 'Unable to resolve the request "admin/assets/ico/favicon.ico".' in /Users/cgeek/Sites/chabiao/framework/web/CWebApplication.php:280
Stack trace:
#0 /Users/cgeek/Sites/chabiao/framework/web/CWebApplication.php(135): CWebApplication->runController('admin/assets/ic...')
#1 /Users/cgeek/Sites/chabiao/framework/base/CApplication.php(162): CWebApplication->processRequest()
#2 /Users/cgeek/Sites/chabiao/WebRoot/index.php(16): CApplication->run()
#3 {main}
REQUEST_URI=/admin/assets/ico/favicon.ico
---
2012/11/03 20:30:47 [error] [exception.CHttpException.404] exception 'CHttpException' with message 'Unable to resolve the request "admin/assets/ico/favicon.ico".' in /Users/cgeek/Sites/chabiao/framework/web/CWebApplication.php:280
Stack trace:
#0 /Users/cgeek/Sites/chabiao/framework/web/CWebApplication.php(135): CWebApplication->runController('admin/assets/ic...')
#1 /Users/cgeek/Sites/chabiao/framework/base/CApplication.php(162): CWebApplication->processRequest()
#2 /Users/cgeek/Sites/chabiao/WebRoot/index.php(16): CApplication->run()
#3 {main}
REQUEST_URI=/admin/assets/ico/favicon.ico
---
2012/11/03 20:31:28 [error] [exception.CHttpException.404] exception 'CHttpException' with message 'Unable to resolve the request "admin/assets/ico/favicon.ico".' in /Users/cgeek/Sites/chabiao/framework/web/CWebApplication.php:280
Stack trace:
#0 /Users/cgeek/Sites/chabiao/framework/web/CWebApplication.php(135): CWebApplication->runController('admin/assets/ic...')
#1 /Users/cgeek/Sites/chabiao/framework/base/CApplication.php(162): CWebApplication->processRequest()
#2 /Users/cgeek/Sites/chabiao/WebRoot/index.php(16): CApplication->run()
#3 {main}
REQUEST_URI=/admin/assets/ico/favicon.ico
---
2012/11/03 20:31:55 [error] [exception.CHttpException.404] exception 'CHttpException' with message 'Unable to resolve the request "admin/assets/ico/favicon.ico".' in /Users/cgeek/Sites/chabiao/framework/web/CWebApplication.php:280
Stack trace:
#0 /Users/cgeek/Sites/chabiao/framework/web/CWebApplication.php(135): CWebApplication->runController('admin/assets/ic...')
#1 /Users/cgeek/Sites/chabiao/framework/base/CApplication.php(162): CWebApplication->processRequest()
#2 /Users/cgeek/Sites/chabiao/WebRoot/index.php(16): CApplication->run()
#3 {main}
REQUEST_URI=/admin/assets/ico/favicon.ico
---
2012/11/03 20:31:56 [error] [exception.CHttpException.404] exception 'CHttpException' with message 'Unable to resolve the request "admin/assets/ico/favicon.ico".' in /Users/cgeek/Sites/chabiao/framework/web/CWebApplication.php:280
Stack trace:
#0 /Users/cgeek/Sites/chabiao/framework/web/CWebApplication.php(135): CWebApplication->runController('admin/assets/ic...')
#1 /Users/cgeek/Sites/chabiao/framework/base/CApplication.php(162): CWebApplication->processRequest()
#2 /Users/cgeek/Sites/chabiao/WebRoot/index.php(16): CApplication->run()
#3 {main}
REQUEST_URI=/admin/assets/ico/favicon.ico
---
2012/11/03 20:31:57 [error] [exception.CHttpException.404] exception 'CHttpException' with message 'Unable to resolve the request "admin/assets/ico/favicon.ico".' in /Users/cgeek/Sites/chabiao/framework/web/CWebApplication.php:280
Stack trace:
#0 /Users/cgeek/Sites/chabiao/framework/web/CWebApplication.php(135): CWebApplication->runController('admin/assets/ic...')
#1 /Users/cgeek/Sites/chabiao/framework/base/CApplication.php(162): CWebApplication->processRequest()
#2 /Users/cgeek/Sites/chabiao/WebRoot/index.php(16): CApplication->run()
#3 {main}
REQUEST_URI=/admin/assets/ico/favicon.ico
---
2012/11/03 20:32:16 [error] [exception.CHttpException.404] exception 'CHttpException' with message 'Unable to resolve the request "admin/assets/ico/favicon.ico".' in /Users/cgeek/Sites/chabiao/framework/web/CWebApplication.php:280
Stack trace:
#0 /Users/cgeek/Sites/chabiao/framework/web/CWebApplication.php(135): CWebApplication->runController('admin/assets/ic...')
#1 /Users/cgeek/Sites/chabiao/framework/base/CApplication.php(162): CWebApplication->processRequest()
#2 /Users/cgeek/Sites/chabiao/WebRoot/index.php(16): CApplication->run()
#3 {main}
REQUEST_URI=/admin/assets/ico/favicon.ico
---
2012/11/03 20:32:24 [error] [exception.CHttpException.404] exception 'CHttpException' with message 'Unable to resolve the request "admin/assets/ico/favicon.ico".' in /Users/cgeek/Sites/chabiao/framework/web/CWebApplication.php:280
Stack trace:
#0 /Users/cgeek/Sites/chabiao/framework/web/CWebApplication.php(135): CWebApplication->runController('admin/assets/ic...')
#1 /Users/cgeek/Sites/chabiao/framework/base/CApplication.php(162): CWebApplication->processRequest()
#2 /Users/cgeek/Sites/chabiao/WebRoot/index.php(16): CApplication->run()
#3 {main}
REQUEST_URI=/admin/assets/ico/favicon.ico
---
2012/11/03 20:32:27 [error] [exception.CHttpException.404] exception 'CHttpException' with message 'Unable to resolve the request "admin/assets/ico/favicon.ico".' in /Users/cgeek/Sites/chabiao/framework/web/CWebApplication.php:280
Stack trace:
#0 /Users/cgeek/Sites/chabiao/framework/web/CWebApplication.php(135): CWebApplication->runController('admin/assets/ic...')
#1 /Users/cgeek/Sites/chabiao/framework/base/CApplication.php(162): CWebApplication->processRequest()
#2 /Users/cgeek/Sites/chabiao/WebRoot/index.php(16): CApplication->run()
#3 {main}
REQUEST_URI=/admin/assets/ico/favicon.ico
---
2012/11/03 20:32:32 [error] [exception.CHttpException.404] exception 'CHttpException' with message 'Unable to resolve the request "admin/assets/ico/favicon.ico".' in /Users/cgeek/Sites/chabiao/framework/web/CWebApplication.php:280
Stack trace:
#0 /Users/cgeek/Sites/chabiao/framework/web/CWebApplication.php(135): CWebApplication->runController('admin/assets/ic...')
#1 /Users/cgeek/Sites/chabiao/framework/base/CApplication.php(162): CWebApplication->processRequest()
#2 /Users/cgeek/Sites/chabiao/WebRoot/index.php(16): CApplication->run()
#3 {main}
REQUEST_URI=/admin/assets/ico/favicon.ico
---
2012/11/03 20:32:33 [error] [exception.CHttpException.404] exception 'CHttpException' with message 'Unable to resolve the request "assets/ico/favicon.ico".' in /Users/cgeek/Sites/chabiao/framework/web/CWebApplication.php:280
Stack trace:
#0 /Users/cgeek/Sites/chabiao/framework/web/CWebApplication.php(135): CWebApplication->runController('assets/ico/favi...')
#1 /Users/cgeek/Sites/chabiao/framework/base/CApplication.php(162): CWebApplication->processRequest()
#2 /Users/cgeek/Sites/chabiao/WebRoot/index.php(16): CApplication->run()
#3 {main}
REQUEST_URI=/assets/ico/favicon.ico
---
2012/11/03 20:32:34 [error] [exception.CHttpException.404] exception 'CHttpException' with message 'Unable to resolve the request "admin/assets/ico/favicon.ico".' in /Users/cgeek/Sites/chabiao/framework/web/CWebApplication.php:280
Stack trace:
#0 /Users/cgeek/Sites/chabiao/framework/web/CWebApplication.php(135): CWebApplication->runController('admin/assets/ic...')
#1 /Users/cgeek/Sites/chabiao/framework/base/CApplication.php(162): CWebApplication->processRequest()
#2 /Users/cgeek/Sites/chabiao/WebRoot/index.php(16): CApplication->run()
#3 {main}
REQUEST_URI=/admin/assets/ico/favicon.ico
---
2012/11/03 20:32:35 [error] [exception.CHttpException.404] exception 'CHttpException' with message 'Unable to resolve the request "admin/assets/ico/favicon.ico".' in /Users/cgeek/Sites/chabiao/framework/web/CWebApplication.php:280
Stack trace:
#0 /Users/cgeek/Sites/chabiao/framework/web/CWebApplication.php(135): CWebApplication->runController('admin/assets/ic...')
#1 /Users/cgeek/Sites/chabiao/framework/base/CApplication.php(162): CWebApplication->processRequest()
#2 /Users/cgeek/Sites/chabiao/WebRoot/index.php(16): CApplication->run()
#3 {main}
REQUEST_URI=/admin/assets/ico/favicon.ico
---
2012/11/03 20:32:36 [error] [exception.CHttpException.404] exception 'CHttpException' with message 'Unable to resolve the request "admin/assets/ico/favicon.ico".' in /Users/cgeek/Sites/chabiao/framework/web/CWebApplication.php:280
Stack trace:
#0 /Users/cgeek/Sites/chabiao/framework/web/CWebApplication.php(135): CWebApplication->runController('admin/assets/ic...')
#1 /Users/cgeek/Sites/chabiao/framework/base/CApplication.php(162): CWebApplication->processRequest()
#2 /Users/cgeek/Sites/chabiao/WebRoot/index.php(16): CApplication->run()
#3 {main}
REQUEST_URI=/admin/assets/ico/favicon.ico
---
